<?xml version="1.0" encoding="UTF-8"?>
<testsuite xmlns:xsi="http://www.w3.org/2001/XMLSchema-instance" xsi:noNamespaceSchemaLocation="https://maven.apache.org/surefire/maven-surefire-plugin/xsd/surefire-test-report.xsd" name="com.miaoshaproject.AppTest" time="0.119" tests="1" errors="0" skipped="0" failures="0">
  <properties>
    <property name="sun.desktop" value="windows"/>
    <property name="awt.toolkit" value="sun.awt.windows.WToolkit"/>
    <property name="file.encoding.pkg" value="sun.io"/>
    <property name="java.specification.version" value="1.8"/>
    <property name="sun.cpu.isalist" value="amd64"/>
    <property name="sun.jnu.encoding" value="GBK"/>
    <property name="java.class.path" value="D:\JAVA_CODE\SpringCode\dianshangmiaosha3\target\test-classes;D:\JAVA_CODE\SpringCode\dianshangmiaosha3\target\classes;D:\maven\LocalWareHouse\org\springframework\boot\spring-boot-starter-web\2.0.5.RELEASE\spring-boot-starter-web-2.0.5.RELEASE.jar;D:\maven\LocalWareHouse\org\springframework\boot\spring-boot-starter\2.0.5.RELEASE\spring-boot-starter-2.0.5.RELEASE.jar;D:\maven\LocalWareHouse\org\springframework\boot\spring-boot\2.0.5.RELEASE\spring-boot-2.0.5.RELEASE.jar;D:\maven\LocalWareHouse\org\springframework\boot\spring-boot-autoconfigure\2.0.5.RELEASE\spring-boot-autoconfigure-2.0.5.RELEASE.jar;D:\maven\LocalWareHouse\org\springframework\boot\spring-boot-starter-logging\2.0.5.RELEASE\spring-boot-starter-logging-2.0.5.RELEASE.jar;D:\maven\LocalWareHouse\ch\qos\logback\logback-classic\1.2.3\logback-classic-1.2.3.jar;D:\maven\LocalWareHouse\ch\qos\logback\logback-core\1.2.3\logback-core-1.2.3.jar;D:\maven\LocalWareHouse\org\apache\logging\log4j\log4j-to-slf4j\2.10.0\log4j-to-slf4j-2.10.0.jar;D:\maven\LocalWareHouse\org\apache\logging\log4j\log4j-api\2.10.0\log4j-api-2.10.0.jar;D:\maven\LocalWareHouse\org\slf4j\jul-to-slf4j\1.7.25\jul-to-slf4j-1.7.25.jar;D:\maven\LocalWareHouse\javax\annotation\javax.annotation-api\1.3.2\javax.annotation-api-1.3.2.jar;D:\maven\LocalWareHouse\org\springframework\spring-core\5.0.9.RELEASE\spring-core-5.0.9.RELEASE.jar;D:\maven\LocalWareHouse\org\springframework\spring-jcl\5.0.9.RELEASE\spring-jcl-5.0.9.RELEASE.jar;D:\maven\LocalWareHouse\org\yaml\snakeyaml\1.19\snakeyaml-1.19.jar;D:\maven\LocalWareHouse\org\springframework\boot\spring-boot-starter-json\2.0.5.RELEASE\spring-boot-starter-json-2.0.5.RELEASE.jar;D:\maven\LocalWareHouse\com\fasterxml\jackson\core\jackson-databind\2.9.6\jackson-databind-2.9.6.jar;D:\maven\LocalWareHouse\com\fasterxml\jackson\core\jackson-annotations\2.9.0\jackson-annotations-2.9.0.jar;D:\maven\LocalWareHouse\com\fasterxml\jackson\core\jackson-core\2.9.6\jackson-core-2.9.6.jar;D:\maven\LocalWareHouse\com\fasterxml\jackson\datatype\jackson-datatype-jdk8\2.9.6\jackson-datatype-jdk8-2.9.6.jar;D:\maven\LocalWareHouse\com\fasterxml\jackson\datatype\jackson-datatype-jsr310\2.9.6\jackson-datatype-jsr310-2.9.6.jar;D:\maven\LocalWareHouse\com\fasterxml\jackson\module\jackson-module-parameter-names\2.9.6\jackson-module-parameter-names-2.9.6.jar;D:\maven\LocalWareHouse\org\springframework\boot\spring-boot-starter-tomcat\2.0.5.RELEASE\spring-boot-starter-tomcat-2.0.5.RELEASE.jar;D:\maven\LocalWareHouse\org\apache\tomcat\embed\tomcat-embed-core\8.5.34\tomcat-embed-core-8.5.34.jar;D:\maven\LocalWareHouse\org\apache\tomcat\embed\tomcat-embed-el\8.5.34\tomcat-embed-el-8.5.34.jar;D:\maven\LocalWareHouse\org\apache\tomcat\embed\tomcat-embed-websocket\8.5.34\tomcat-embed-websocket-8.5.34.jar;D:\maven\LocalWareHouse\org\hibernate\validator\hibernate-validator\6.0.12.Final\hibernate-validator-6.0.12.Final.jar;D:\maven\LocalWareHouse\org\springframework\spring-web\5.0.9.RELEASE\spring-web-5.0.9.RELEASE.jar;D:\maven\LocalWareHouse\org\springframework\spring-beans\5.0.9.RELEASE\spring-beans-5.0.9.RELEASE.jar;D:\maven\LocalWareHouse\org\springframework\spring-webmvc\5.0.9.RELEASE\spring-webmvc-5.0.9.RELEASE.jar;D:\maven\LocalWareHouse\org\springframework\spring-aop\5.0.9.RELEASE\spring-aop-5.0.9.RELEASE.jar;D:\maven\LocalWareHouse\org\springframework\spring-context\5.0.9.RELEASE\spring-context-5.0.9.RELEASE.jar;D:\maven\LocalWareHouse\org\springframework\spring-expression\5.0.9.RELEASE\spring-expression-5.0.9.RELEASE.jar;D:\maven\LocalWareHouse\mysql\mysql-connector-java\8.0.11\mysql-connector-java-8.0.11.jar;D:\maven\LocalWareHouse\com\google\protobuf\protobuf-java\2.6.0\protobuf-java-2.6.0.jar;D:\maven\LocalWareHouse\com\alibaba\druid\1.1.3\druid-1.1.3.jar;D:\java\JDK1.8\jre\..\lib\jconsole.jar;D:\java\JDK1.8\jre\..\lib\tools.jar;D:\maven\LocalWareHouse\org\mybatis\spring\boot\mybatis-spring-boot-starter\1.3.1\mybatis-spring-boot-starter-1.3.1.jar;D:\maven\LocalWareHouse\org\springframework\boot\spring-boot-starter-jdbc\2.0.5.RELEASE\spring-boot-starter-jdbc-2.0.5.RELEASE.jar;D:\maven\LocalWareHouse\com\zaxxer\HikariCP\2.7.9\HikariCP-2.7.9.jar;D:\maven\LocalWareHouse\org\slf4j\slf4j-api\1.7.25\slf4j-api-1.7.25.jar;D:\maven\LocalWareHouse\org\springframework\spring-jdbc\5.0.9.RELEASE\spring-jdbc-5.0.9.RELEASE.jar;D:\maven\LocalWareHouse\org\springframework\spring-tx\5.0.9.RELEASE\spring-tx-5.0.9.RELEASE.jar;D:\maven\LocalWareHouse\org\mybatis\spring\boot\mybatis-spring-boot-autoconfigure\1.3.1\mybatis-spring-boot-autoconfigure-1.3.1.jar;D:\maven\LocalWareHouse\org\mybatis\mybatis\3.4.5\mybatis-3.4.5.jar;D:\maven\LocalWareHouse\org\mybatis\mybatis-spring\1.3.1\mybatis-spring-1.3.1.jar;D:\maven\LocalWareHouse\org\apache\commons\commons-lang3\3.7\commons-lang3-3.7.jar;D:\maven\LocalWareHouse\org\hibernate\hibernate-validator\5.2.4.Final\hibernate-validator-5.2.4.Final.jar;D:\maven\LocalWareHouse\javax\validation\validation-api\2.0.1.Final\validation-api-2.0.1.Final.jar;D:\maven\LocalWareHouse\org\jboss\logging\jboss-logging\3.3.2.Final\jboss-logging-3.3.2.Final.jar;D:\maven\LocalWareHouse\com\fasterxml\classmate\1.3.4\classmate-1.3.4.jar;D:\maven\LocalWareHouse\joda-time\joda-time\2.9.1\joda-time-2.9.1.jar;D:\maven\LocalWareHouse\junit\junit\4.11\junit-4.11.jar;D:\maven\LocalWareHouse\org\hamcrest\hamcrest-core\1.3\hamcrest-core-1.3.jar;D:\maven\LocalWareHouse\tk\mybatis\mapper\4.1.2\mapper-4.1.2.jar;D:\maven\LocalWareHouse\javax\persistence\persistence-api\1.0\persistence-api-1.0.jar;"/>
    <property name="java.vm.vendor" value="Oracle Corporation"/>
    <property name="sun.arch.data.model" value="64"/>
    <property name="user.variant" value=""/>
    <property name="java.vendor.url" value="http://java.oracle.com/"/>
    <property name="user.timezone" value="Asia/Shanghai"/>
    <property name="java.vm.specification.version" value="1.8"/>
    <property name="os.name" value="Windows 10"/>
    <property name="user.country" value="CN"/>
    <property name="sun.java.launcher" value="SUN_STANDARD"/>
    <property name="sun.boot.library.path" value="D:\java\JDK1.8\jre\bin"/>
    <property name="sun.java.command" value="C:\Users\yangchao\AppData\Local\Temp\surefire5180959641047781902\surefirebooter6470648984890350588.jar C:\Users\yangchao\AppData\Local\Temp\surefire5180959641047781902 2020-08-14T17-30-29_054-jvmRun1 surefire5554150794788960762tmp surefire_06100484638231132544tmp"/>
    <property name="surefire.test.class.path" value="D:\JAVA_CODE\SpringCode\dianshangmiaosha3\target\test-classes;D:\JAVA_CODE\SpringCode\dianshangmiaosha3\target\classes;D:\maven\LocalWareHouse\org\springframework\boot\spring-boot-starter-web\2.0.5.RELEASE\spring-boot-starter-web-2.0.5.RELEASE.jar;D:\maven\LocalWareHouse\org\springframework\boot\spring-boot-starter\2.0.5.RELEASE\spring-boot-starter-2.0.5.RELEASE.jar;D:\maven\LocalWareHouse\org\springframework\boot\spring-boot\2.0.5.RELEASE\spring-boot-2.0.5.RELEASE.jar;D:\maven\LocalWareHouse\org\springframework\boot\spring-boot-autoconfigure\2.0.5.RELEASE\spring-boot-autoconfigure-2.0.5.RELEASE.jar;D:\maven\LocalWareHouse\org\springframework\boot\spring-boot-starter-logging\2.0.5.RELEASE\spring-boot-starter-logging-2.0.5.RELEASE.jar;D:\maven\LocalWareHouse\ch\qos\logback\logback-classic\1.2.3\logback-classic-1.2.3.jar;D:\maven\LocalWareHouse\ch\qos\logback\logback-core\1.2.3\logback-core-1.2.3.jar;D:\maven\LocalWareHouse\org\apache\logging\log4j\log4j-to-slf4j\2.10.0\log4j-to-slf4j-2.10.0.jar;D:\maven\LocalWareHouse\org\apache\logging\log4j\log4j-api\2.10.0\log4j-api-2.10.0.jar;D:\maven\LocalWareHouse\org\slf4j\jul-to-slf4j\1.7.25\jul-to-slf4j-1.7.25.jar;D:\maven\LocalWareHouse\javax\annotation\javax.annotation-api\1.3.2\javax.annotation-api-1.3.2.jar;D:\maven\LocalWareHouse\org\springframework\spring-core\5.0.9.RELEASE\spring-core-5.0.9.RELEASE.jar;D:\maven\LocalWareHouse\org\springframework\spring-jcl\5.0.9.RELEASE\spring-jcl-5.0.9.RELEASE.jar;D:\maven\LocalWareHouse\org\yaml\snakeyaml\1.19\snakeyaml-1.19.jar;D:\maven\LocalWareHouse\org\springframework\boot\spring-boot-starter-json\2.0.5.RELEASE\spring-boot-starter-json-2.0.5.RELEASE.jar;D:\maven\LocalWareHouse\com\fasterxml\jackson\core\jackson-databind\2.9.6\jackson-databind-2.9.6.jar;D:\maven\LocalWareHouse\com\fasterxml\jackson\core\jackson-annotations\2.9.0\jackson-annotations-2.9.0.jar;D:\maven\LocalWareHouse\com\fasterxml\jackson\core\jackson-core\2.9.6\jackson-core-2.9.6.jar;D:\maven\LocalWareHouse\com\fasterxml\jackson\datatype\jackson-datatype-jdk8\2.9.6\jackson-datatype-jdk8-2.9.6.jar;D:\maven\LocalWareHouse\com\fasterxml\jackson\datatype\jackson-datatype-jsr310\2.9.6\jackson-datatype-jsr310-2.9.6.jar;D:\maven\LocalWareHouse\com\fasterxml\jackson\module\jackson-module-parameter-names\2.9.6\jackson-module-parameter-names-2.9.6.jar;D:\maven\LocalWareHouse\org\springframework\boot\spring-boot-starter-tomcat\2.0.5.RELEASE\spring-boot-starter-tomcat-2.0.5.RELEASE.jar;D:\maven\LocalWareHouse\org\apache\tomcat\embed\tomcat-embed-core\8.5.34\tomcat-embed-core-8.5.34.jar;D:\maven\LocalWareHouse\org\apache\tomcat\embed\tomcat-embed-el\8.5.34\tomcat-embed-el-8.5.34.jar;D:\maven\LocalWareHouse\org\apache\tomcat\embed\tomcat-embed-websocket\8.5.34\tomcat-embed-websocket-8.5.34.jar;D:\maven\LocalWareHouse\org\hibernate\validator\hibernate-validator\6.0.12.Final\hibernate-validator-6.0.12.Final.jar;D:\maven\LocalWareHouse\org\springframework\spring-web\5.0.9.RELEASE\spring-web-5.0.9.RELEASE.jar;D:\maven\LocalWareHouse\org\springframework\spring-beans\5.0.9.RELEASE\spring-beans-5.0.9.RELEASE.jar;D:\maven\LocalWareHouse\org\springframework\spring-webmvc\5.0.9.RELEASE\spring-webmvc-5.0.9.RELEASE.jar;D:\maven\LocalWareHouse\org\springframework\spring-aop\5.0.9.RELEASE\spring-aop-5.0.9.RELEASE.jar;D:\maven\LocalWareHouse\org\springframework\spring-context\5.0.9.RELEASE\spring-context-5.0.9.RELEASE.jar;D:\maven\LocalWareHouse\org\springframework\spring-expression\5.0.9.RELEASE\spring-expression-5.0.9.RELEASE.jar;D:\maven\LocalWareHouse\mysql\mysql-connector-java\8.0.11\mysql-connector-java-8.0.11.jar;D:\maven\LocalWareHouse\com\google\protobuf\protobuf-java\2.6.0\protobuf-java-2.6.0.jar;D:\maven\LocalWareHouse\com\alibaba\druid\1.1.3\druid-1.1.3.jar;D:\java\JDK1.8\jre\..\lib\jconsole.jar;D:\java\JDK1.8\jre\..\lib\tools.jar;D:\maven\LocalWareHouse\org\mybatis\spring\boot\mybatis-spring-boot-starter\1.3.1\mybatis-spring-boot-starter-1.3.1.jar;D:\maven\LocalWareHouse\org\springframework\boot\spring-boot-starter-jdbc\2.0.5.RELEASE\spring-boot-starter-jdbc-2.0.5.RELEASE.jar;D:\maven\LocalWareHouse\com\zaxxer\HikariCP\2.7.9\HikariCP-2.7.9.jar;D:\maven\LocalWareHouse\org\slf4j\slf4j-api\1.7.25\slf4j-api-1.7.25.jar;D:\maven\LocalWareHouse\org\springframework\spring-jdbc\5.0.9.RELEASE\spring-jdbc-5.0.9.RELEASE.jar;D:\maven\LocalWareHouse\org\springframework\spring-tx\5.0.9.RELEASE\spring-tx-5.0.9.RELEASE.jar;D:\maven\LocalWareHouse\org\mybatis\spring\boot\mybatis-spring-boot-autoconfigure\1.3.1\mybatis-spring-boot-autoconfigure-1.3.1.jar;D:\maven\LocalWareHouse\org\mybatis\mybatis\3.4.5\mybatis-3.4.5.jar;D:\maven\LocalWareHouse\org\mybatis\mybatis-spring\1.3.1\mybatis-spring-1.3.1.jar;D:\maven\LocalWareHouse\org\apache\commons\commons-lang3\3.7\commons-lang3-3.7.jar;D:\maven\LocalWareHouse\org\hibernate\hibernate-validator\5.2.4.Final\hibernate-validator-5.2.4.Final.jar;D:\maven\LocalWareHouse\javax\validation\validation-api\2.0.1.Final\validation-api-2.0.1.Final.jar;D:\maven\LocalWareHouse\org\jboss\logging\jboss-logging\3.3.2.Final\jboss-logging-3.3.2.Final.jar;D:\maven\LocalWareHouse\com\fasterxml\classmate\1.3.4\classmate-1.3.4.jar;D:\maven\LocalWareHouse\joda-time\joda-time\2.9.1\joda-time-2.9.1.jar;D:\maven\LocalWareHouse\junit\junit\4.11\junit-4.11.jar;D:\maven\LocalWareHouse\org\hamcrest\hamcrest-core\1.3\hamcrest-core-1.3.jar;D:\maven\LocalWareHouse\tk\mybatis\mapper\4.1.2\mapper-4.1.2.jar;D:\maven\LocalWareHouse\javax\persistence\persistence-api\1.0\persistence-api-1.0.jar;"/>
    <property name="sun.cpu.endian" value="little"/>
    <property name="user.home" value="C:\Users\yangchao"/>
    <property name="user.language" value="zh"/>
    <property name="java.specification.vendor" value="Oracle Corporation"/>
    <property name="java.home" value="D:\java\JDK1.8\jre"/>
    <property name="basedir" value="D:\JAVA_CODE\SpringCode\dianshangmiaosha3"/>
    <property name="file.separator" value="\"/>
    <property name="line.separator" value="&#10;"/>
    <property name="java.vm.specification.vendor" value="Oracle Corporation"/>
    <property name="java.specification.name" value="Java Platform API Specification"/>
    <property name="java.awt.graphicsenv" value="sun.awt.Win32GraphicsEnvironment"/>
    <property name="surefire.real.class.path" value="C:\Users\yangchao\AppData\Local\Temp\surefire5180959641047781902\surefirebooter6470648984890350588.jar"/>
    <property name="sun.boot.class.path" value="D:\java\JDK1.8\jre\lib\resources.jar;D:\java\JDK1.8\jre\lib\rt.jar;D:\java\JDK1.8\jre\lib\sunrsasign.jar;D:\java\JDK1.8\jre\lib\jsse.jar;D:\java\JDK1.8\jre\lib\jce.jar;D:\java\JDK1.8\jre\lib\charsets.jar;D:\java\JDK1.8\jre\lib\jfr.jar;D:\java\JDK1.8\jre\classes"/>
    <property name="user.script" value=""/>
    <property name="sun.management.compiler" value="HotSpot 64-Bit Tiered Compilers"/>
    <property name="java.runtime.version" value="1.8.0_172-b11"/>
    <property name="user.name" value="yangchao"/>
    <property name="path.separator" value=";"/>
    <property name="os.version" value="10.0"/>
    <property name="java.endorsed.dirs" value="D:\java\JDK1.8\jre\lib\endorsed"/>
    <property name="java.runtime.name" value="Java(TM) SE Runtime Environment"/>
    <property name="file.encoding" value="GBK"/>
    <property name="java.vm.name" value="Java HotSpot(TM) 64-Bit Server VM"/>
    <property name="localRepository" value="D:\maven\LocalWareHouse"/>
    <property name="java.vendor.url.bug" value="http://bugreport.sun.com/bugreport/"/>
    <property name="java.io.tmpdir" value="C:\Users\yangchao\AppData\Local\Temp\"/>
    <property name="idea.version" value="2018.3.5"/>
    <property name="java.version" value="1.8.0_172"/>
    <property name="user.dir" value="D:\JAVA_CODE\SpringCode\dianshangmiaosha3"/>
    <property name="os.arch" value="amd64"/>
    <property name="java.vm.specification.name" value="Java Virtual Machine Specification"/>
    <property name="java.awt.printerjob" value="sun.awt.windows.WPrinterJob"/>
    <property name="sun.os.patch.level" value=""/>
    <property name="java.library.path" value="D:\java\JDK1.8\jre\bin;C:\windows\Sun\Java\bin;C:\windows\system32;C:\windows;D:\Xshell\;D:\Tomcat\apache-tomcat-9.0.37\bin;D:\Tomcat\apache-tomcat-9.0.37\lib;C:\Program Files (x86)\Common Files\Oracle\Java\javapath;D:\java\JDK1.8\bin;D:\java\JRE\bin;D:\java\JDK1.8\jre\bin;C:\windows\system32;C:\windows;C:\windows\System32\Wbem;C:\windows\System32\WindowsPowerShell\v1.0\;C:\windows\System32\OpenSSH\;D:\maven\apache-maven-3.6.0\bin;D:\git\Git\cmd;C:\Program Files\MySQL\MySQL Server 8.0\bin;D:\Putty\;C:\Users\yangchao\AppData\Local\Microsoft\WindowsApps;;."/>
    <property name="java.vm.info" value="mixed mode"/>
    <property name="java.vendor" value="Oracle Corporation"/>
    <property name="java.vm.version" value="25.172-b11"/>
    <property name="java.ext.dirs" value="D:\java\JDK1.8\jre\lib\ext;C:\windows\Sun\Java\lib\ext"/>
    <property name="sun.io.unicode.encoding" value="UnicodeLittle"/>
    <property name="java.class.version" value="52.0"/>
  </properties>
  <testcase name="shouldAnswerWithTrue" classname="com.miaoshaproject.AppTest" time="0.002"/>
</testsuite>